Initial board state
     0     0     0     2
     0     0     0     0
     2     0     0     0
     0     0     0     0

right
turn : 1
score : 0
     0     0     0     2
     0     0     2     0
     0     0     0     2
     0     0     0     0

down
turn : 2
score : 4
     0     0     0     0
     0     2     0     0
     0     0     0     0
     0     0     2     4

right
turn : 3
score : 4
     0     0     0     0
     0     0     0     2
     0     2     0     0
     0     0     2     4

down
turn : 4
score : 4
     0     0     0     0
     0     0     0     0
     0     0     0     2
     2     2     2     4

right
turn : 5
score : 8
     0     0     0     0
     2     0     0     0
     0     0     0     2
     0     2     4     4

right
turn : 6
score : 16
     0     0     0     2
     0     0     0     2
     0     0     0     2
     0     0     2     8

down
turn : 7
score : 20
     0     0     0     0
     0     0     0     2
     0     0     0     4
     2     0     2     8

right
turn : 8
score : 24
     0     0     0     0
     0     0     0     2
     0     0     2     4
     0     0     4     8

left
turn : 9
score : 24
     0     0     0     0
     2     0     0     0
     2     4     0     2
     4     8     0     0

right
turn : 10
score : 24
     2     0     0     0
     0     0     0     2
     0     2     4     2
     0     0     4     8

down
turn : 11
score : 36
     0     2     0     0
     0     0     0     0
     0     0     0     4
     2     2     8     8

right
turn : 12
score : 56
     0     0     0     2
     0     0     2     0
     0     0     0     4
     0     0     4    16

down
turn : 13
score : 56
     0     0     0     0
     0     2     0     2
     0     0     2     4
     0     0     4    16

right
turn : 14
score : 60
     0     0     0     0
     0     0     2     4
     0     0     2     4
     0     0     4    16

down
turn : 15
score : 72
     0     0     0     0
     0     0     2     0
     0     0     4     8
     0     0     4    16

right
turn : 16
score : 72
     0     0     0     0
     0     0     2     2
     0     0     4     8
     0     0     4    16

down
turn : 17
score : 80
     0     0     0     0
     0     0     0     2
     0     2     2     8
     0     0     8    16

right
turn : 18
score : 84
     0     0     0     0
     2     0     0     2
     0     0     4     8
     0     0     8    16

down
turn : 19
score : 84
     0     0     0     0
     0     0     0     2
     4     0     4     8
     2     0     8    16

right
turn : 20
score : 92
     0     0     0     0
     2     0     0     2
     0     0     8     8
     0     2     8    16

right
turn : 21
score : 112
     2     0     0     0
     0     0     0     4
     0     0     0    16
     0     2     8    16

down
turn : 22
score : 144
     0     0     0     0
     0     0     0     0
     0     2     0     4
     2     2     8    32

right
turn : 23
score : 148
     0     0     0     0
     0     0     0     0
     0     2     2     4
     0     4     8    32

right
turn : 24
score : 152
     0     0     2     0
     0     0     0     0
     0     0     4     4
     0     4     8    32

down
turn : 25
score : 152
     0     0     2     0
     0     0     2     0
     0     0     4     4
     0     4     8    32

right
turn : 26
score : 160
     0     2     0     2
     0     0     0     2
     0     0     0     8
     0     4     8    32

down
turn : 27
score : 164
     0     0     0     0
     0     0     2     4
     0     2     0     8
     0     4     8    32

right
turn : 28
score : 164
     0     0     0     0
     2     0     2     4
     0     0     2     8
     0     4     8    32

down
turn : 29
score : 168
     0     0     0     0
     0     0     0     4
     2     0     4     8
     2     4     8    32

right
turn : 30
score : 168
     0     0     0     0
     0     2     0     4
     0     2     4     8
     2     4     8    32

down
turn : 31
score : 172
     0     0     0     0
     0     0     0     4
     2     4     4     8
     2     4     8    32

right
turn : 32
score : 180
     0     0     2     0
     0     0     0     4
     0     2     8     8
     2     4     8    32

down
turn : 33
score : 196
     0     0     0     0
     0     0     0     4
     2     2     2     8
     2     4    16    32

right
turn : 34
score : 200
     0     2     0     0
     0     0     0     4
     0     2     4     8
     2     4    16    32

down
turn : 35
score : 204
     0     0     0     0
     0     2     0     4
     0     4     4     8
     2     4    16    32

right
turn : 36
score : 212
     0     0     2     0
     0     0     2     4
     0     0     8     8
     2     4    16    32

down
turn : 37
score : 216
     0     2     0     0
     0     0     4     4
     0     0     8     8
     2     4    16    32

right
turn : 38
score : 240
     0     0     2     2
     0     0     0     8
     0     0     0    16
     2     4    16    32

down
turn : 39
score : 240
     2     0     0     2
     0     0     0     8
     0     0     2    16
     2     4    16    32

right
turn : 40
score : 244
     0     0     0     4
     0     0     0     8
     0     4     2    16
     2     4    16    32

down
turn : 41
score : 252
     0     0     0     4
     0     0     0     8
     2     0     2    16
     2     8    16    32

right
turn : 42
score : 256
     0     0     0     4
     0     0     0     8
     2     0     4    16
     2     8    16    32

down
turn : 43
score : 260
     0     0     2     4
     0     0     0     8
     0     0     4    16
     4     8    16    32

right
turn : 43
score : 260
     0     0     2     4
     0     0     0     8
     0     0     4    16
     4     8    16    32

down
turn : 44
score : 260
     0     0     0     4
     0     0     2     8
     0     2     4    16
     4     8    16    32

left
turn : 45
score : 260
     4     0     0     2
     2     8     0     0
     2     4    16     0
     4     8    16    32

right
turn : 46
score : 260
     0     0     4     2
     0     0     2     8
     2     2     4    16
     4     8    16    32

right
turn : 47
score : 264
     0     0     4     2
     2     0     2     8
     0     4     4    16
     4     8    16    32

down
turn : 48
score : 264
     2     0     4     2
     0     0     2     8
     2     4     4    16
     4     8    16    32

right
turn : 49
score : 272
     0     2     4     2
     2     0     2     8
     0     2     8    16
     4     8    16    32

down
turn : 50
score : 276
     2     0     4     2
     0     0     2     8
     2     4     8    16
     4     8    16    32

right
turn : 51
score : 276
     0     2     4     2
     0     2     2     8
     2     4     8    16
     4     8    16    32

down
turn : 52
score : 280
     2     0     4     2
     0     4     2     8
     2     4     8    16
     4     8    16    32

right
turn : 53
score : 280
     2     2     4     2
     0     4     2     8
     2     4     8    16
     4     8    16    32

down
turn : 54
score : 292
     0     2     4     2
     0     2     2     8
     4     8     8    16
     4     8    16    32

right
turn : 55
score : 312
     0     2     4     2
     0     2     4     8
     0     4    16    16
     4     8    16    32

down
turn : 56
score : 356
     0     0     0     2
     0     4     2     8
     0     4     8    16
     4     8    32    32

right
turn : 57
score : 420
     0     0     4     2
     0     4     2     8
     0     4     8    16
     0     4     8    64

down
turn : 58
score : 444
     0     2     0     2
     0     0     4     8
     0     4     2    16
     0     8    16    64

right
turn : 59
score : 448
     0     0     0     4
     0     2     4     8
     0     4     2    16
     0     8    16    64

left
turn : 60
score : 448
     4     0     0     0
     2     4     8     0
     4     2    16     2
     8    16    64     0

down
turn : 61
score : 448
     4     0     0     0
     2     4     8     2
     4     2    16     0
     8    16    64     2

right
turn : 62
score : 448
     0     0     2     4
     2     4     8     2
     0     4     2    16
     8    16    64     2

down
turn : 63
score : 456
     2     0     2     4
     0     0     8     2
     2     8     2    16
     8    16    64     2

right
turn : 64
score : 460
     2     0     4     4
     0     0     8     2
     2     8     2    16
     8    16    64     2

down
turn : 65
score : 464
     2     0     4     4
     0     0     8     2
     4     8     2    16
     8    16    64     2

right
turn : 66
score : 472
     0     0     2     8
     2     0     8     2
     4     8     2    16
     8    16    64     2

right
turn : 67
score : 472
     0     0     2     8
     2     2     8     2
     4     8     2    16
     8    16    64     2

right
turn : 68
score : 476
     0     2     2     8
     0     4     8     2
     4     8     2    16
     8    16    64     2

right
turn : 69
score : 480
     2     0     4     8
     0     4     8     2
     4     8     2    16
     8    16    64     2

down
turn : 70
score : 480
     0     2     4     8
     2     4     8     2
     4     8     2    16
     8    16    64     2

left
turn : 71
score : 480
     2     4     8     2
     2     4     8     2
     4     8     2    16
     8    16    64     2

right
turn : 71
score : 480
     2     4     8     2
     2     4     8     2
     4     8     2    16
     8    16    64     2

down
turn : 72
score : 512
     2     0     0     0
     4     8    16     4
     4     8     2    16
     8    16    64     2

right
turn : 73
score : 512
     2     0     0     2
     4     8    16     4
     4     8     2    16
     8    16    64     2

down
turn : 74
score : 536
     0     4     0     2
     2     0    16     4
     8    16     2    16
     8    16    64     2

right
turn : 75
score : 536
     4     0     4     2
     0     2    16     4
     8    16     2    16
     8    16    64     2

down
turn : 76
score : 584
     0     2     4     2
     0     0    16     4
     4     2     2    16
    16    32    64     2

right
turn : 77
score : 588
     0     2     4     2
     4     0    16     4
     0     4     4    16
    16    32    64     2

down
turn : 78
score : 588
     0     2     4     2
     0     2    16     4
     4     4     4    16
    16    32    64     2

right
turn : 79
score : 596
     2     2     4     2
     0     2    16     4
     0     4     8    16
    16    32    64     2

down
turn : 80
score : 600
     0     0     4     2
     2     4    16     4
     2     4     8    16
    16    32    64     2

right
turn : 80
score : 600
     0     0     4     2
     2     4    16     4
     2     4     8    16
    16    32    64     2

down
turn : 81
score : 612
     0     4     4     2
     0     0    16     4
     4     8     8    16
    16    32    64     2

right
turn : 82
score : 636
     0     0     8     2
     0     0    16     4
     2     4    16    16
    16    32    64     2

down
turn : 83
score : 668
     0     0     2     2
     0     0     8     4
     2     4    32    16
    16    32    64     2

right
turn : 84
score : 672
     2     0     0     4
     0     0     8     4
     2     4    32    16
    16    32    64     2

right
turn : 85
score : 672
     2     0     2     4
     0     0     8     4
     2     4    32    16
    16    32    64     2

down
turn : 86
score : 684
     0     0     2     0
     0     2     8     8
     4     4    32    16
    16    32    64     2

right
turn : 87
score : 708
     0     0     2     2
     0     0     2    16
     0     8    32    16
    16    32    64     2

right
turn : 88
score : 712
     0     0     0     4
     0     2     2    16
     0     8    32    16
    16    32    64     2

down
turn : 89
score : 744
     2     0     0     0
     0     2     2     4
     0     8    32    32
    16    32    64     2

right
turn : 90
score : 812
     0     0     2     2
     0     0     4     4
     0     0     8    64
    16    32    64     2

right
turn : 91
score : 824
     2     0     0     4
     0     0     0     8
     0     0     8    64
    16    32    64     2

down
turn : 92
score : 824
     0     0     2     4
     0     0     0     8
     2     0     8    64
    16    32    64     2

right
turn : 93
score : 824
     0     0     2     4
     0     0     2     8
     0     2     8    64
    16    32    64     2

down
turn : 94
score : 828
     0     0     4     4
     0     0     4     8
     0     2     8    64
    16    32    64     2

right
turn : 95
score : 836
     0     0     0     8
     2     0     4     8
     0     2     8    64
    16    32    64     2

down
turn : 96
score : 852
     0     2     0     0
     0     0     4    16
     2     2     8    64
    16    32    64     2

right
turn : 97
score : 856
     0     2     0     2
     0     0     4    16
     0     4     8    64
    16    32    64     2

down
turn : 98
score : 856
     0     0     0     2
     2     2     4    16
     0     4     8    64
    16    32    64     2

right
turn : 99
score : 860
     0     2     0     2
     0     4     4    16
     0     4     8    64
    16    32    64     2

down
turn : 100
score : 868
     2     0     0     2
     0     2     4    16
     0     8     8    64
    16    32    64     2

right
turn : 101
score : 888
     2     0     0     4
     0     2     4    16
     0     0    16    64
    16    32    64     2

down
turn : 102
score : 888
     0     2     0     4
     0     0     4    16
     2     2    16    64
    16    32    64     2

right
turn : 103
score : 892
     0     2     2     4
     0     0     4    16
     0     4    16    64
    16    32    64     2

down
turn : 104
score : 892
     0     0     2     4
     0     2     4    16
     2     4    16    64
    16    32    64     2

left
turn : 105
score : 892
     2     4     2     0
     2     4    16     0
     2     4    16    64
    16    32    64     2

right
turn : 106
score : 892
     2     2     4     2
     0     2     4    16
     2     4    16    64
    16    32    64     2

down
turn : 107
score : 908
     2     0     0     2
     0     4     8    16
     4     4    16    64
    16    32    64     2

right
turn : 108
score : 920
     0     0     2     4
     0     4     8    16
     0     8    16    64
    16    32    64     2

left
turn : 109
score : 920
     2     4     2     0
     4     8    16     0
     8    16    64     0
    16    32    64     2

down
turn : 110
score : 1048
     2     4     0     2
     4     8     2     0
     8    16    16     0
    16    32   128     2

right
turn : 111
score : 1080
     2     2     4     2
     0     4     8     2
     0     0     8    32
    16    32   128     2

down
turn : 112
score : 1100
     0     0     0     0
     2     2     4     4
     2     4    16    32
    16    32   128     2

right
turn : 113
score : 1112
     0     0     0     2
     0     0     4     8
     2     4    16    32
    16    32   128     2

left
turn : 114
score : 1112
     2     0     0     2
     4     8     0     0
     2     4    16    32
    16    32   128     2

down
turn : 115
score : 1112
     2     0     2     0
     4     8     0     2
     2     4    16    32
    16    32   128     2

right
turn : 116
score : 1116
     0     0     2     4
     0     4     8     2
     2     4    16    32
    16    32   128     2

down
turn : 117
score : 1124
     0     0     2     4
     0     2     8     2
     2     8    16    32
    16    32   128     2

left
turn : 118
score : 1124
     2     4     2     0
     2     8     2     0
     2     8    16    32
    16    32   128     2

right
turn : 119
score : 1124
     2     2     4     2
     0     2     8     2
     2     8    16    32
    16    32   128     2

down
turn : 120
score : 1136
     2     0     4     0
     0     4     8     4
     4     8    16    32
    16    32   128     2

right
turn : 121
score : 1136
     0     0     2     4
     2     4     8     4
     4     8    16    32
    16    32   128     2

down
turn : 122
score : 1144
     0     0     2     2
     2     4     8     8
     4     8    16    32
    16    32   128     2

right
turn : 123
score : 1164
     0     0     4     4
     0     2     4    16
     4     8    16    32
    16    32   128     2

right
turn : 124
score : 1172
     2     0     0     8
     0     2     4    16
     4     8    16    32
    16    32   128     2

down
turn : 125
score : 1172
     0     0     2     8
     2     2     4    16
     4     8    16    32
    16    32   128     2

right
turn : 126
score : 1176
     0     2     2     8
     0     4     4    16
     4     8    16    32
    16    32   128     2

right
turn : 127
score : 1188
     0     0     4     8
     0     2     8    16
     4     8    16    32
    16    32   128     2

left
turn : 128
score : 1188
     4     8     0     0
     2     8    16     2
     4     8    16    32
    16    32   128     2

right
turn : 129
score : 1188
     2     0     4     8
     2     8    16     2
     4     8    16    32
    16    32   128     2

down
turn : 130
score : 1240
     0     0     2     8
     4     0     4     2
     4    16    32    32
    16    32   128     2

right
turn : 131
score : 1312
     0     0     2     8
     0     2     8     2
     0     4    16    64
    16    32   128     2

left
turn : 132
score : 1312
     2     8     0     0
     2     8     2     0
     4    16    64     2
    16    32   128     2

down
turn : 133
score : 1336
     0     0     2     0
     4    16     2     0
     4    16    64     0
    16    32   128     4

right
turn : 134
score : 1336
     0     0     0     2
     4     4    16     2
     0     4    16    64
    16    32   128     4

down
turn : 135
score : 1380
     0     2     0     0
     0     0     0     4
     4     8    32    64
    16    32   128     4

right
turn : 136
score : 1380
     0     0     0     2
     0     0     2     4
     4     8    32    64
    16    32   128     4

left
turn : 137
score : 1380
     2     0     0     4
     2     4     0     0
     4     8    32    64
    16    32   128     4

down
turn : 138
score : 1384
     0     0     2     0
     4     4     0     4
     4     8    32    64
    16    32   128     4

right
turn : 139
score : 1392
     0     0     0     2
     0     2     4     8
     4     8    32    64
    16    32   128     4

left
turn : 140
score : 1392
     2     0     0     2
     2     4     8     0
     4     8    32    64
    16    32   128     4

down
turn : 141
score : 1396
     2     0     0     0
     4     4     8     2
     4     8    32    64
    16    32   128     4

right
turn : 142
score : 1404
     0     0     0     2
     2     8     8     2
     4     8    32    64
    16    32   128     4

down
turn : 143
score : 1424
     2     0     0     0
     2     0     8     4
     4    16    32    64
    16    32   128     4

right
turn : 144
score : 1424
     2     0     0     2
     0     2     8     4
     4    16    32    64
    16    32   128     4

down
turn : 145
score : 1424
     0     2     0     2
     2     2     8     4
     4    16    32    64
    16    32   128     4

right
turn : 146
score : 1432
     2     0     0     4
     0     4     8     4
     4    16    32    64
    16    32   128     4

down
turn : 147
score : 1440
     0     0     2     0
     2     4     8     8
     4    16    32    64
    16    32   128     4

right
turn : 148
score : 1456
     2     0     0     2
     0     2     4    16
     4    16    32    64
    16    32   128     4

right
turn : 149
score : 1460
     0     4     0     4
     0     2     4    16
     4    16    32    64
    16    32   128     4

right
turn : 150
score : 1468
     0     2     0     8
     0     2     4    16
     4    16    32    64
    16    32   128     4

down
turn : 151
score : 1472
     0     2     0     8
     0     4     4    16
     4    16    32    64
    16    32   128     4

right
turn : 152
score : 1480
     0     2     2     8
     0     0     8    16
     4    16    32    64
    16    32   128     4

right
turn : 153
score : 1484
     0     2     4     8
     0     0     8    16
     4    16    32    64
    16    32   128     4

down
turn : 154
score : 1484
     2     0     4     8
     0     2     8    16
     4    16    32    64
    16    32   128     4

right
turn : 155
score : 1484
     0     2     4     8
     2     2     8    16
     4    16    32    64
    16    32   128     4

down
turn : 156
score : 1488
     2     0     4     8
     2     4     8    16
     4    16    32    64
    16    32   128     4

right
turn : 157
score : 1488
     2     2     4     8
     2     4     8    16
     4    16    32    64
    16    32   128     4

down
turn : 158
score : 1492
     2     2     4     8
     4     4     8    16
     4    16    32    64
    16    32   128     4

right
turn : 159
score : 1504
     2     4     4     8
     0     8     8    16
     4    16    32    64
    16    32   128     4

down
turn : 160
score : 1504
     2     4     4     8
     2     8     8    16
     4    16    32    64
    16    32   128     4

right
turn : 161
score : 1528
     0     2     8     8
     2     2    16    16
     4    16    32    64
    16    32   128     4

down
turn : 162
score : 1532
     0     2     8     8
     2     4    16    16
     4    16    32    64
    16    32   128     4

right
turn : 163
score : 1580
     0     2     2    16
     0     2     4    32
     4    16    32    64
    16    32   128     4

right
turn : 164
score : 1584
     0     0     4    16
     2     2     4    32
     4    16    32    64
    16    32   128     4

down
turn : 165
score : 1592
     0     2     0    16
     2     2     8    32
     4    16    32    64
    16    32   128     4

right
turn : 166
score : 1596
     2     0     2    16
     0     4     8    32
     4    16    32    64
    16    32   128     4

down
turn : 167
score : 1596
     2     0     2    16
     2     4     8    32
     4    16    32    64
    16    32   128     4

right
turn : 168
score : 1600
     2     0     4    16
     2     4     8    32
     4    16    32    64
    16    32   128     4

down
turn : 169
score : 1604
     2     0     4    16
     4     4     8    32
     4    16    32    64
    16    32   128     4

right
turn : 170
score : 1612
     4     2     4    16
     0     8     8    32
     4    16    32    64
    16    32   128     4

down
turn : 171
score : 1620
     2     2     4    16
     0     8     8    32
     8    16    32    64
    16    32   128     4

right
turn : 172
score : 1640
     0     4     4    16
     0     2    16    32
     8    16    32    64
    16    32   128     4

right
turn : 173
score : 1648
     0     2     8    16
     0     2    16    32
     8    16    32    64
    16    32   128     4

down
turn : 174
score : 1652
     0     2     8    16
     0     4    16    32
     8    16    32    64
    16    32   128     4

left
turn : 175
score : 1652
     2     8    16     0
     4    16    32     2
     8    16    32    64
    16    32   128     4

right
turn : 176
score : 1652
     2     2     8    16
     4    16    32     2
     8    16    32    64
    16    32   128     4

down
turn : 177
score : 1748
     2     0     2    16
     4     2     8     2
     8    32    64    64
    16    32   128     4

right
turn : 178
score : 1880
     0     2     4    16
     4     2     8     2
     0     8    32   128
    16    32   128     4

down
turn : 179
score : 1884
     0     2     4    16
     0     4     8     2
     4     8    32   128
    16    32   128     4

left
turn : 180
score : 1884
     2     4    16     2
     4     8     2     0
     4     8    32   128
    16    32   128     4

right
turn : 181
score : 1884
     2     4    16     2
     2     4     8     2
     4     8    32   128
    16    32   128     4

down
turn : 182
score : 1900
     2     0    16     0
     4     8     8     4
     4     8    32   128
    16    32   128     4

right
turn : 183
score : 1916
     4     0     2    16
     0     4    16     4
     4     8    32   128
    16    32   128     4

down
turn : 184
score : 1924
     0     2     2    16
     0     4    16     4
     8     8    32   128
    16    32   128     4

right
turn : 185
score : 1944
     2     0     4    16
     0     4    16     4
     0    16    32   128
    16    32   128     4

right
turn : 186
score : 1944
     2     2     4    16
     0     4    16     4
     0    16    32   128
    16    32   128     4

down
turn : 187
score : 1944
     2     2     4    16
     0     4    16     4
     2    16    32   128
    16    32   128     4

right
turn : 188
score : 1948
     0     4     4    16
     2     4    16     4
     2    16    32   128
    16    32   128     4

down
turn : 189
score : 1960
     0     0     4    16
     2     8    16     4
     4    16    32   128
    16    32   128     4

left
turn : 190
score : 1960
     4    16     2     0
     2     8    16     4
     4    16    32   128
    16    32   128     4

right
turn : 191
score : 1960
     2     4    16     2
     2     8    16     4
     4    16    32   128
    16    32   128     4

right
turn : 191
score : 1960
     2     4    16     2
     2     8    16     4
     4    16    32   128
    16    32   128     4

down
turn : 192
score : 1996
     0     4     2     2
     4     8    32     4
     4    16    32   128
    16    32   128     4

right
turn : 193
score : 2000
     0     2     4     4
     4     8    32     4
     4    16    32   128
    16    32   128     4

down
turn : 194
score : 2080
     0     2     2     0
     0     8     4     8
     8    16    64   128
    16    32   128     4

right
turn : 195
score : 2084
     0     2     0     4
     0     8     4     8
     8    16    64   128
    16    32   128     4

right
turn : 196
score : 2084
     0     0     2     4
     2     8     4     8
     8    16    64   128
    16    32   128     4

left
turn : 197
score : 2084
     2     4     0     4
     2     8     4     8
     8    16    64   128
    16    32   128     4

right
turn : 198
score : 2092
     4     0     2     8
     2     8     4     8
     8    16    64   128
    16    32   128     4

down
turn : 199
score : 2108
     4     0     2     4
     2     8     4    16
     8    16    64   128
    16    32   128     4

right
turn : 200
score : 2108
     2     4     2     4
     2     8     4    16
     8    16    64   128
    16    32   128     4

right
turn : 200
score : 2108
     2     4     2     4
     2     8     4    16
     8    16    64   128
    16    32   128     4

down
turn : 201
score : 2112
     2     4     2     4
     4     8     4    16
     8    16    64   128
    16    32   128     4

Game Over
total turn: 201
total score: 2112
max num: 128
