Message from AI: 0 0 0 1 
Message from AI: 0 0 0 0 
Message from AI: 1 0 0 0 
Message from AI: 0 0 0 0 
Message from AI: GameStatus: 0
Message from AI: Up: 1 Down: 1 Left: 1 Right: 1
right
Message from AI: 0 0 0 1 
Message from AI: 0 0 1 0 
Message from AI: 0 0 0 1 
Message from AI: 0 0 0 0 
Message from AI: GameStatus: 0
Message from AI: Up: 1 Down: 1 Left: 1 Right: 1
down
Message from AI: 0 0 0 0 
Message from AI: 0 1 0 0 
Message from AI: 0 0 0 0 
Message from AI: 0 0 1 2 
Message from AI: GameStatus: 0
Message from AI: Up: 1 Down: 1 Left: 1 Right: 1
right
Message from AI: 0 0 0 0 
Message from AI: 0 0 0 1 
Message from AI: 0 1 0 0 
Message from AI: 0 0 1 2 
Message from AI: GameStatus: 0
Message from AI: Up: 1 Down: 1 Left: 1 Right: 1
down
Message from AI: 0 0 0 0 
Message from AI: 0 0 0 0 
Message from AI: 0 0 0 1 
Message from AI: 1 1 1 2 
Message from AI: GameStatus: 0
Message from AI: Up: 1 Down: 1 Left: 1 Right: 1
right
Message from AI: 0 0 0 0 
Message from AI: 1 0 0 0 
Message from AI: 0 0 0 1 
Message from AI: 0 1 2 2 
Message from AI: GameStatus: 0
Message from AI: Up: 1 Down: 1 Left: 1 Right: 1
right
Message from AI: 0 0 0 1 
Message from AI: 0 0 0 1 
Message from AI: 0 0 0 1 
Message from AI: 0 0 1 3 
Message from AI: GameStatus: 0
Message from AI: Up: 1 Down: 1 Left: 1 Right: 1
down
Message from AI: 0 0 0 0 
Message from AI: 0 0 0 1 
Message from AI: 0 0 0 2 
Message from AI: 1 0 1 3 
Message from AI: GameStatus: 0
Message from AI: Up: 1 Down: 1 Left: 1 Right: 1
right
Message from AI: 0 0 0 0 
Message from AI: 0 0 0 1 
Message from AI: 0 0 1 2 
Message from AI: 0 0 2 3 
Message from AI: GameStatus: 0
Message from AI: Up: 1 Down: 1 Left: 1 Right: 1
left
Message from AI: 0 0 0 0 
Message from AI: 1 0 0 0 
Message from AI: 1 2 0 1 
Message from AI: 2 3 0 0 
Message from AI: GameStatus: 0
Message from AI: Up: 1 Down: 1 Left: 1 Right: 1
right
Message from AI: 1 0 0 0 
Message from AI: 0 0 0 1 
Message from AI: 0 1 2 1 
Message from AI: 0 0 2 3 
Message from AI: GameStatus: 0
Message from AI: Up: 1 Down: 1 Left: 1 Right: 1
down
Message from AI: 0 1 0 0 
Message from AI: 0 0 0 0 
Message from AI: 0 0 0 2 
Message from AI: 1 1 3 3 
Message from AI: GameStatus: 0
Message from AI: Up: 1 Down: 1 Left: 1 Right: 1
right
Message from AI: 0 0 0 1 
Message from AI: 0 0 1 0 
Message from AI: 0 0 0 2 
Message from AI: 0 0 2 4 
Message from AI: GameStatus: 0
Message from AI: Up: 1 Down: 1 Left: 1 Right: 1
down
Message from AI: 0 0 0 0 
Message from AI: 0 1 0 1 
Message from AI: 0 0 1 2 
Message from AI: 0 0 2 4 
Message from AI: GameStatus: 0
Message from AI: Up: 1 Down: 1 Left: 1 Right: 1
right
Message from AI: 0 0 0 0 
Message from AI: 0 0 1 2 
Message from AI: 0 0 1 2 
Message from AI: 0 0 2 4 
Message from AI: GameStatus: 0
Message from AI: Up: 1 Down: 1 Left: 1 Right: 1
down
Message from AI: 0 0 0 0 
Message from AI: 0 0 1 0 
Message from AI: 0 0 2 3 
Message from AI: 0 0 2 4 
Message from AI: GameStatus: 0
Message from AI: Up: 1 Down: 1 Left: 1 Right: 1
right
Message from AI: 0 0 0 0 
Message from AI: 0 0 1 1 
Message from AI: 0 0 2 3 
Message from AI: 0 0 2 4 
Message from AI: GameStatus: 0
Message from AI: Up: 1 Down: 1 Left: 1 Right: 1
down
Message from AI: 0 0 0 0 
Message from AI: 0 0 0 1 
Message from AI: 0 1 1 3 
Message from AI: 0 0 3 4 
Message from AI: GameStatus: 0
Message from AI: Up: 1 Down: 1 Left: 1 Right: 1
right
Message from AI: 0 0 0 0 
Message from AI: 1 0 0 1 
Message from AI: 0 0 2 3 
Message from AI: 0 0 3 4 
Message from AI: GameStatus: 0
Message from AI: Up: 1 Down: 1 Left: 1 Right: 1
down
Message from AI: 0 0 0 0 
Message from AI: 0 0 0 1 
Message from AI: 2 0 2 3 
Message from AI: 1 0 3 4 
Message from AI: GameStatus: 0
Message from AI: Up: 1 Down: 1 Left: 1 Right: 1
right
Message from AI: 0 0 0 0 
Message from AI: 1 0 0 1 
Message from AI: 0 0 3 3 
Message from AI: 0 1 3 4 
Message from AI: GameStatus: 0
Message from AI: Up: 1 Down: 1 Left: 1 Right: 1
right
Message from AI: 1 0 0 0 
Message from AI: 0 0 0 2 
Message from AI: 0 0 0 4 
Message from AI: 0 1 3 4 
Message from AI: GameStatus: 0
Message from AI: Up: 1 Down: 1 Left: 1 Right: 1
down
Message from AI: 0 0 0 0 
Message from AI: 0 0 0 0 
Message from AI: 0 1 0 2 
Message from AI: 1 1 3 5 
Message from AI: GameStatus: 0
Message from AI: Up: 1 Down: 1 Left: 1 Right: 1
right
Message from AI: 0 0 0 0 
Message from AI: 0 0 0 0 
Message from AI: 0 1 1 2 
Message from AI: 0 2 3 5 
Message from AI: GameStatus: 0
Message from AI: Up: 1 Down: 1 Left: 1 Right: 1
right
Message from AI: 0 0 1 0 
Message from AI: 0 0 0 0 
Message from AI: 0 0 2 2 
Message from AI: 0 2 3 5 
Message from AI: GameStatus: 0
Message from AI: Up: 1 Down: 1 Left: 1 Right: 1
down
Message from AI: 0 0 1 0 
Message from AI: 0 0 1 0 
Message from AI: 0 0 2 2 
Message from AI: 0 2 3 5 
Message from AI: GameStatus: 0
Message from AI: Up: 1 Down: 1 Left: 1 Right: 1
right
Message from AI: 0 1 0 1 
Message from AI: 0 0 0 1 
Message from AI: 0 0 0 3 
Message from AI: 0 2 3 5 
Message from AI: GameStatus: 0
Message from AI: Up: 1 Down: 1 Left: 1 Right: 1
down
Message from AI: 0 0 0 0 
Message from AI: 0 0 1 2 
Message from AI: 0 1 0 3 
Message from AI: 0 2 3 5 
Message from AI: GameStatus: 0
Message from AI: Up: 1 Down: 1 Left: 1 Right: 1
right
Message from AI: 0 0 0 0 
Message from AI: 1 0 1 2 
Message from AI: 0 0 1 3 
Message from AI: 0 2 3 5 
Message from AI: GameStatus: 0
Message from AI: Up: 1 Down: 1 Left: 1 Right: 1
down
Message from AI: 0 0 0 0 
Message from AI: 0 0 0 2 
Message from AI: 1 0 2 3 
Message from AI: 1 2 3 5 
Message from AI: GameStatus: 0
Message from AI: Up: 1 Down: 1 Left: 1 Right: 1
right
Message from AI: 0 0 0 0 
Message from AI: 0 1 0 2 
Message from AI: 0 1 2 3 
Message from AI: 1 2 3 5 
Message from AI: GameStatus: 0
Message from AI: Up: 1 Down: 1 Left: 1 Right: 1
down
Message from AI: 0 0 0 0 
Message from AI: 0 0 0 2 
Message from AI: 1 2 2 3 
Message from AI: 1 2 3 5 
Message from AI: GameStatus: 0
Message from AI: Up: 1 Down: 1 Left: 1 Right: 1
right
Message from AI: 0 0 1 0 
Message from AI: 0 0 0 2 
Message from AI: 0 1 3 3 
Message from AI: 1 2 3 5 
Message from AI: GameStatus: 0
Message from AI: Up: 1 Down: 1 Left: 1 Right: 1
down
Message from AI: 0 0 0 0 
Message from AI: 0 0 0 2 
Message from AI: 1 1 1 3 
Message from AI: 1 2 4 5 
Message from AI: GameStatus: 0
Message from AI: Up: 1 Down: 1 Left: 1 Right: 1
right
Message from AI: 0 1 0 0 
Message from AI: 0 0 0 2 
Message from AI: 0 1 2 3 
Message from AI: 1 2 4 5 
Message from AI: GameStatus: 0
Message from AI: Up: 1 Down: 1 Left: 1 Right: 1
down
Message from AI: 0 0 0 0 
Message from AI: 0 1 0 2 
Message from AI: 0 2 2 3 
Message from AI: 1 2 4 5 
Message from AI: GameStatus: 0
Message from AI: Up: 1 Down: 1 Left: 1 Right: 1
right
Message from AI: 0 0 1 0 
Message from AI: 0 0 1 2 
Message from AI: 0 0 3 3 
Message from AI: 1 2 4 5 
Message from AI: GameStatus: 0
Message from AI: Up: 1 Down: 1 Left: 1 Right: 1
down
Message from AI: 0 1 0 0 
Message from AI: 0 0 2 2 
Message from AI: 0 0 3 3 
Message from AI: 1 2 4 5 
Message from AI: GameStatus: 0
Message from AI: Up: 1 Down: 1 Left: 1 Right: 1
right
Message from AI: 0 0 1 1 
Message from AI: 0 0 0 3 
Message from AI: 0 0 0 4 
Message from AI: 1 2 4 5 
Message from AI: GameStatus: 0
Message from AI: Up: 1 Down: 1 Left: 1 Right: 1
down
Message from AI: 1 0 0 1 
Message from AI: 0 0 0 3 
Message from AI: 0 0 1 4 
Message from AI: 1 2 4 5 
Message from AI: GameStatus: 0
Message from AI: Up: 1 Down: 1 Left: 1 Right: 1
right
Message from AI: 0 0 0 2 
Message from AI: 0 0 0 3 
Message from AI: 0 2 1 4 
Message from AI: 1 2 4 5 
Message from AI: GameStatus: 0
Message from AI: Up: 1 Down: 1 Left: 1 Right: 1
down
Message from AI: 0 0 0 2 
Message from AI: 0 0 0 3 
Message from AI: 1 0 1 4 
Message from AI: 1 3 4 5 
Message from AI: GameStatus: 0
Message from AI: Up: 1 Down: 1 Left: 1 Right: 1
right
Message from AI: 0 0 0 2 
Message from AI: 0 0 0 3 
Message from AI: 1 0 2 4 
Message from AI: 1 3 4 5 
Message from AI: GameStatus: 0
Message from AI: Up: 1 Down: 1 Left: 1 Right: 1
down
Message from AI: 0 0 1 2 
Message from AI: 0 0 0 3 
Message from AI: 0 0 2 4 
Message from AI: 2 3 4 5 
Message from AI: GameStatus: 0
Message from AI: Up: 1 Down: 1 Left: 1 Right: 1
right
Message from AI: 0 0 1 2 
Message from AI: 0 0 0 3 
Message from AI: 0 0 2 4 
Message from AI: 2 3 4 5 
Message from AI: GameStatus: 1
Message from AI: Up: 1 Down: 1 Left: 1 Right: 0
down
Message from AI: 0 0 0 2 
Message from AI: 0 0 1 3 
Message from AI: 0 1 2 4 
Message from AI: 2 3 4 5 
Message from AI: GameStatus: 0
Message from AI: Up: 1 Down: 1 Left: 1 Right: 1
left
Message from AI: 2 0 0 1 
Message from AI: 1 3 0 0 
Message from AI: 1 2 4 0 
Message from AI: 2 3 4 5 
Message from AI: GameStatus: 0
Message from AI: Up: 1 Down: 1 Left: 1 Right: 1
right
Message from AI: 0 0 2 1 
Message from AI: 0 0 1 3 
Message from AI: 1 1 2 4 
Message from AI: 2 3 4 5 
Message from AI: GameStatus: 0
Message from AI: Up: 1 Down: 1 Left: 1 Right: 1
right
Message from AI: 0 0 2 1 
Message from AI: 1 0 1 3 
Message from AI: 0 2 2 4 
Message from AI: 2 3 4 5 
Message from AI: GameStatus: 0
Message from AI: Up: 1 Down: 1 Left: 1 Right: 1
down
Message from AI: 1 0 2 1 
Message from AI: 0 0 1 3 
Message from AI: 1 2 2 4 
Message from AI: 2 3 4 5 
Message from AI: GameStatus: 0
Message from AI: Up: 1 Down: 1 Left: 1 Right: 1
right
Message from AI: 0 1 2 1 
Message from AI: 1 0 1 3 
Message from AI: 0 1 3 4 
Message from AI: 2 3 4 5 
Message from AI: GameStatus: 0
Message from AI: Up: 1 Down: 1 Left: 1 Right: 1
down
Message from AI: 1 0 2 1 
Message from AI: 0 0 1 3 
Message from AI: 1 2 3 4 
Message from AI: 2 3 4 5 
Message from AI: GameStatus: 0
Message from AI: Up: 1 Down: 1 Left: 1 Right: 1
right
Message from AI: 0 1 2 1 
Message from AI: 0 1 1 3 
Message from AI: 1 2 3 4 
Message from AI: 2 3 4 5 
Message from AI: GameStatus: 0
Message from AI: Up: 1 Down: 1 Left: 1 Right: 1
down
Message from AI: 1 0 2 1 
Message from AI: 0 2 1 3 
Message from AI: 1 2 3 4 
Message from AI: 2 3 4 5 
Message from AI: GameStatus: 0
Message from AI: Up: 1 Down: 1 Left: 1 Right: 1
right
Message from AI: 1 1 2 1 
Message from AI: 0 2 1 3 
Message from AI: 1 2 3 4 
Message from AI: 2 3 4 5 
Message from AI: GameStatus: 0
Message from AI: Up: 1 Down: 1 Left: 1 Right: 1
down
Message from AI: 0 1 2 1 
Message from AI: 0 1 1 3 
Message from AI: 2 3 3 4 
Message from AI: 2 3 4 5 
Message from AI: GameStatus: 0
Message from AI: Up: 1 Down: 1 Left: 1 Right: 1
right
Message from AI: 0 1 2 1 
Message from AI: 0 1 2 3 
Message from AI: 0 2 4 4 
Message from AI: 2 3 4 5 
Message from AI: GameStatus: 0
Message from AI: Up: 1 Down: 1 Left: 1 Right: 1
down
Message from AI: 0 0 0 1 
Message from AI: 0 2 1 3 
Message from AI: 0 2 3 4 
Message from AI: 2 3 5 5 
Message from AI: GameStatus: 0
Message from AI: Up: 1 Down: 1 Left: 1 Right: 1
right
Message from AI: 0 0 2 1 
Message from AI: 0 2 1 3 
Message from AI: 0 2 3 4 
Message from AI: 0 2 3 6 
Message from AI: GameStatus: 0
Message from AI: Up: 1 Down: 1 Left: 1 Right: 1
down
Message from AI: 0 1 0 1 
Message from AI: 0 0 2 3 
Message from AI: 0 2 1 4 
Message from AI: 0 3 4 6 
Message from AI: GameStatus: 0
Message from AI: Up: 1 Down: 1 Left: 1 Right: 1
right
Message from AI: 0 0 0 2 
Message from AI: 0 1 2 3 
Message from AI: 0 2 1 4 
Message from AI: 0 3 4 6 
Message from AI: GameStatus: 0
Message from AI: Up: 1 Down: 1 Left: 1 Right: 1
left
Message from AI: 2 0 0 0 
Message from AI: 1 2 3 0 
Message from AI: 2 1 4 1 
Message from AI: 3 4 6 0 
Message from AI: GameStatus: 0
Message from AI: Up: 1 Down: 1 Left: 1 Right: 1
down
Message from AI: 2 0 0 0 
Message from AI: 1 2 3 1 
Message from AI: 2 1 4 0 
Message from AI: 3 4 6 1 
Message from AI: GameStatus: 0
Message from AI: Up: 1 Down: 1 Left: 1 Right: 1
right
Message from AI: 0 0 1 2 
Message from AI: 1 2 3 1 
Message from AI: 0 2 1 4 
Message from AI: 3 4 6 1 
Message from AI: GameStatus: 0
Message from AI: Up: 1 Down: 1 Left: 1 Right: 1
down
Message from AI: 1 0 1 2 
Message from AI: 0 0 3 1 
Message from AI: 1 3 1 4 
Message from AI: 3 4 6 1 
Message from AI: GameStatus: 0
Message from AI: Up: 1 Down: 1 Left: 1 Right: 1
right
Message from AI: 1 0 2 2 
Message from AI: 0 0 3 1 
Message from AI: 1 3 1 4 
Message from AI: 3 4 6 1 
Message from AI: GameStatus: 0
Message from AI: Up: 1 Down: 1 Left: 1 Right: 1
down
Message from AI: 1 0 2 2 
Message from AI: 0 0 3 1 
Message from AI: 2 3 1 4 
Message from AI: 3 4 6 1 
Message from AI: GameStatus: 0
Message from AI: Up: 1 Down: 1 Left: 1 Right: 1
right
Message from AI: 0 0 1 3 
Message from AI: 1 0 3 1 
Message from AI: 2 3 1 4 
Message from AI: 3 4 6 1 
Message from AI: GameStatus: 0
Message from AI: Up: 1 Down: 1 Left: 1 Right: 1
right
Message from AI: 0 0 1 3 
Message from AI: 1 1 3 1 
Message from AI: 2 3 1 4 
Message from AI: 3 4 6 1 
Message from AI: GameStatus: 0
Message from AI: Up: 1 Down: 1 Left: 1 Right: 1
right
Message from AI: 0 1 1 3 
Message from AI: 0 2 3 1 
Message from AI: 2 3 1 4 
Message from AI: 3 4 6 1 
Message from AI: GameStatus: 0
Message from AI: Up: 1 Down: 1 Left: 1 Right: 1
right
Message from AI: 1 0 2 3 
Message from AI: 0 2 3 1 
Message from AI: 2 3 1 4 
Message from AI: 3 4 6 1 
Message from AI: GameStatus: 0
Message from AI: Up: 1 Down: 1 Left: 1 Right: 1
down
Message from AI: 0 1 2 3 
Message from AI: 1 2 3 1 
Message from AI: 2 3 1 4 
Message from AI: 3 4 6 1 
Message from AI: GameStatus: 0
Message from AI: Up: 1 Down: 1 Left: 1 Right: 1
left
Message from AI: 1 2 3 1 
Message from AI: 1 2 3 1 
Message from AI: 2 3 1 4 
Message from AI: 3 4 6 1 
Message from AI: GameStatus: 0
Message from AI: Up: 1 Down: 1 Left: 1 Right: 1
right
Message from AI: 1 2 3 1 
Message from AI: 1 2 3 1 
Message from AI: 2 3 1 4 
Message from AI: 3 4 6 1 
Message from AI: GameStatus: 1
Message from AI: Up: 1 Down: 1 Left: 0 Right: 0
down
Message from AI: 1 0 0 0 
Message from AI: 2 3 4 2 
Message from AI: 2 3 1 4 
Message from AI: 3 4 6 1 
Message from AI: GameStatus: 0
Message from AI: Up: 1 Down: 1 Left: 1 Right: 1
right
Message from AI: 1 0 0 1 
Message from AI: 2 3 4 2 
Message from AI: 2 3 1 4 
Message from AI: 3 4 6 1 
Message from AI: GameStatus: 0
Message from AI: Up: 1 Down: 1 Left: 1 Right: 1
down
Message from AI: 0 2 0 1 
Message from AI: 1 0 4 2 
Message from AI: 3 4 1 4 
Message from AI: 3 4 6 1 
Message from AI: GameStatus: 0
Message from AI: Up: 1 Down: 1 Left: 1 Right: 1
right
Message from AI: 2 0 2 1 
Message from AI: 0 1 4 2 
Message from AI: 3 4 1 4 
Message from AI: 3 4 6 1 
Message from AI: GameStatus: 0
Message from AI: Up: 1 Down: 1 Left: 1 Right: 1
down
Message from AI: 0 1 2 1 
Message from AI: 0 0 4 2 
Message from AI: 2 1 1 4 
Message from AI: 4 5 6 1 
Message from AI: GameStatus: 0
Message from AI: Up: 1 Down: 1 Left: 1 Right: 1
right
Message from AI: 0 1 2 1 
Message from AI: 2 0 4 2 
Message from AI: 0 2 2 4 
Message from AI: 4 5 6 1 
Message from AI: GameStatus: 0
Message from AI: Up: 1 Down: 1 Left: 1 Right: 1
down
Message from AI: 0 1 2 1 
Message from AI: 0 1 4 2 
Message from AI: 2 2 2 4 
Message from AI: 4 5 6 1 
Message from AI: GameStatus: 0
Message from AI: Up: 1 Down: 1 Left: 1 Right: 1
right
Message from AI: 1 1 2 1 
Message from AI: 0 1 4 2 
Message from AI: 0 2 3 4 
Message from AI: 4 5 6 1 
Message from AI: GameStatus: 0
Message from AI: Up: 1 Down: 1 Left: 1 Right: 1
down
Message from AI: 0 0 2 1 
Message from AI: 1 2 4 2 
Message from AI: 1 2 3 4 
Message from AI: 4 5 6 1 
Message from AI: GameStatus: 0
Message from AI: Up: 1 Down: 1 Left: 1 Right: 1
right
Message from AI: 0 0 2 1 
Message from AI: 1 2 4 2 
Message from AI: 1 2 3 4 
Message from AI: 4 5 6 1 
Message from AI: GameStatus: 1
Message from AI: Up: 1 Down: 1 Left: 1 Right: 0
down
Message from AI: 0 2 2 1 
Message from AI: 0 0 4 2 
Message from AI: 2 3 3 4 
Message from AI: 4 5 6 1 
Message from AI: GameStatus: 0
Message from AI: Up: 1 Down: 1 Left: 1 Right: 1
right
Message from AI: 0 0 3 1 
Message from AI: 0 0 4 2 
Message from AI: 1 2 4 4 
Message from AI: 4 5 6 1 
Message from AI: GameStatus: 0
Message from AI: Up: 1 Down: 1 Left: 1 Right: 1
down
Message from AI: 0 0 1 1 
Message from AI: 0 0 3 2 
Message from AI: 1 2 5 4 
Message from AI: 4 5 6 1 
Message from AI: GameStatus: 0
Message from AI: Up: 1 Down: 1 Left: 1 Right: 1
right
Message from AI: 1 0 0 2 
Message from AI: 0 0 3 2 
Message from AI: 1 2 5 4 
Message from AI: 4 5 6 1 
Message from AI: GameStatus: 0
Message from AI: Up: 1 Down: 1 Left: 1 Right: 1
right
Message from AI: 1 0 1 2 
Message from AI: 0 0 3 2 
Message from AI: 1 2 5 4 
Message from AI: 4 5 6 1 
Message from AI: GameStatus: 0
Message from AI: Up: 1 Down: 1 Left: 1 Right: 1
down
Message from AI: 0 0 1 0 
Message from AI: 0 1 3 3 
Message from AI: 2 2 5 4 
Message from AI: 4 5 6 1 
Message from AI: GameStatus: 0
Message from AI: Up: 1 Down: 1 Left: 1 Right: 1
right
Message from AI: 0 0 1 1 
Message from AI: 0 0 1 4 
Message from AI: 0 3 5 4 
Message from AI: 4 5 6 1 
Message from AI: GameStatus: 0
Message from AI: Up: 1 Down: 1 Left: 1 Right: 1
right
Message from AI: 0 0 0 2 
Message from AI: 0 1 1 4 
Message from AI: 0 3 5 4 
Message from AI: 4 5 6 1 
Message from AI: GameStatus: 0
Message from AI: Up: 1 Down: 1 Left: 1 Right: 1
down
Message from AI: 1 0 0 0 
Message from AI: 0 1 1 2 
Message from AI: 0 3 5 5 
Message from AI: 4 5 6 1 
Message from AI: GameStatus: 0
Message from AI: Up: 1 Down: 1 Left: 1 Right: 1
right
Message from AI: 0 0 1 1 
Message from AI: 0 0 2 2 
Message from AI: 0 0 3 6 
Message from AI: 4 5 6 1 
Message from AI: GameStatus: 0
Message from AI: Up: 1 Down: 1 Left: 1 Right: 1
right
Message from AI: 1 0 0 2 
Message from AI: 0 0 0 3 
Message from AI: 0 0 3 6 
Message from AI: 4 5 6 1 
Message from AI: GameStatus: 0
Message from AI: Up: 1 Down: 1 Left: 1 Right: 1
down
Message from AI: 0 0 1 2 
Message from AI: 0 0 0 3 
Message from AI: 1 0 3 6 
Message from AI: 4 5 6 1 
Message from AI: GameStatus: 0
Message from AI: Up: 1 Down: 1 Left: 1 Right: 1
right
Message from AI: 0 0 1 2 
Message from AI: 0 0 1 3 
Message from AI: 0 1 3 6 
Message from AI: 4 5 6 1 
Message from AI: GameStatus: 0
Message from AI: Up: 1 Down: 1 Left: 1 Right: 1
down
Message from AI: 0 0 2 2 
Message from AI: 0 0 2 3 
Message from AI: 0 1 3 6 
Message from AI: 4 5 6 1 
Message from AI: GameStatus: 0
Message from AI: Up: 1 Down: 1 Left: 1 Right: 1
right
Message from AI: 0 0 0 3 
Message from AI: 1 0 2 3 
Message from AI: 0 1 3 6 
Message from AI: 4 5 6 1 
Message from AI: GameStatus: 0
Message from AI: Up: 1 Down: 1 Left: 1 Right: 1
down
Message from AI: 0 1 0 0 
Message from AI: 0 0 2 4 
Message from AI: 1 1 3 6 
Message from AI: 4 5 6 1 
Message from AI: GameStatus: 0
Message from AI: Up: 1 Down: 1 Left: 1 Right: 1
right
Message from AI: 0 1 0 1 
Message from AI: 0 0 2 4 
Message from AI: 0 2 3 6 
Message from AI: 4 5 6 1 
Message from AI: GameStatus: 0
Message from AI: Up: 1 Down: 1 Left: 1 Right: 1
down
Message from AI: 0 0 0 1 
Message from AI: 1 1 2 4 
Message from AI: 0 2 3 6 
Message from AI: 4 5 6 1 
Message from AI: GameStatus: 0
Message from AI: Up: 1 Down: 1 Left: 1 Right: 1
right
Message from AI: 0 1 0 1 
Message from AI: 0 2 2 4 
Message from AI: 0 2 3 6 
Message from AI: 4 5 6 1 
Message from AI: GameStatus: 0
Message from AI: Up: 1 Down: 1 Left: 1 Right: 1
down
Message from AI: 1 0 0 1 
Message from AI: 0 1 2 4 
Message from AI: 0 3 3 6 
Message from AI: 4 5 6 1 
Message from AI: GameStatus: 0
Message from AI: Up: 1 Down: 1 Left: 1 Right: 1
right
Message from AI: 1 0 0 2 
Message from AI: 0 1 2 4 
Message from AI: 0 0 4 6 
Message from AI: 4 5 6 1 
Message from AI: GameStatus: 0
Message from AI: Up: 1 Down: 1 Left: 1 Right: 1
down
Message from AI: 0 1 0 2 
Message from AI: 0 0 2 4 
Message from AI: 1 1 4 6 
Message from AI: 4 5 6 1 
Message from AI: GameStatus: 0
Message from AI: Up: 1 Down: 1 Left: 1 Right: 1
right
Message from AI: 0 1 1 2 
Message from AI: 0 0 2 4 
Message from AI: 0 2 4 6 
Message from AI: 4 5 6 1 
Message from AI: GameStatus: 0
Message from AI: Up: 1 Down: 1 Left: 1 Right: 1
down
Message from AI: 0 0 1 2 
Message from AI: 0 1 2 4 
Message from AI: 1 2 4 6 
Message from AI: 4 5 6 1 
Message from AI: GameStatus: 0
Message from AI: Up: 1 Down: 1 Left: 1 Right: 1
left
Message from AI: 1 2 1 0 
Message from AI: 1 2 4 0 
Message from AI: 1 2 4 6 
Message from AI: 4 5 6 1 
Message from AI: GameStatus: 0
Message from AI: Up: 1 Down: 1 Left: 1 Right: 1
right
Message from AI: 1 1 2 1 
Message from AI: 0 1 2 4 
Message from AI: 1 2 4 6 
Message from AI: 4 5 6 1 
Message from AI: GameStatus: 0
Message from AI: Up: 1 Down: 1 Left: 1 Right: 1
down
Message from AI: 1 0 0 1 
Message from AI: 0 2 3 4 
Message from AI: 2 2 4 6 
Message from AI: 4 5 6 1 
Message from AI: GameStatus: 0
Message from AI: Up: 1 Down: 1 Left: 1 Right: 1
right
Message from AI: 0 0 1 2 
Message from AI: 0 2 3 4 
Message from AI: 0 3 4 6 
Message from AI: 4 5 6 1 
Message from AI: GameStatus: 0
Message from AI: Up: 1 Down: 1 Left: 1 Right: 1
left
Message from AI: 1 2 1 0 
Message from AI: 2 3 4 0 
Message from AI: 3 4 6 0 
Message from AI: 4 5 6 1 
Message from AI: GameStatus: 0
Message from AI: Up: 1 Down: 1 Left: 1 Right: 1
down
Message from AI: 1 2 0 1 
Message from AI: 2 3 1 0 
Message from AI: 3 4 4 0 
Message from AI: 4 5 7 1 
Message from AI: GameStatus: 0
Message from AI: Up: 1 Down: 1 Left: 1 Right: 1
right
Message from AI: 1 1 2 1 
Message from AI: 0 2 3 1 
Message from AI: 0 0 3 5 
Message from AI: 4 5 7 1 
Message from AI: GameStatus: 0
Message from AI: Up: 1 Down: 1 Left: 1 Right: 1
down
Message from AI: 0 0 0 0 
Message from AI: 1 1 2 2 
Message from AI: 1 2 4 5 
Message from AI: 4 5 7 1 
Message from AI: GameStatus: 0
Message from AI: Up: 1 Down: 1 Left: 1 Right: 1
right
Message from AI: 0 0 0 1 
Message from AI: 0 0 2 3 
Message from AI: 1 2 4 5 
Message from AI: 4 5 7 1 
Message from AI: GameStatus: 0
Message from AI: Up: 1 Down: 1 Left: 1 Right: 1
left
Message from AI: 1 0 0 1 
Message from AI: 2 3 0 0 
Message from AI: 1 2 4 5 
Message from AI: 4 5 7 1 
Message from AI: GameStatus: 0
Message from AI: Up: 1 Down: 1 Left: 1 Right: 1
down
Message from AI: 1 0 1 0 
Message from AI: 2 3 0 1 
Message from AI: 1 2 4 5 
Message from AI: 4 5 7 1 
Message from AI: GameStatus: 0
Message from AI: Up: 1 Down: 1 Left: 1 Right: 1
right
Message from AI: 0 0 1 2 
Message from AI: 0 2 3 1 
Message from AI: 1 2 4 5 
Message from AI: 4 5 7 1 
Message from AI: GameStatus: 0
Message from AI: Up: 1 Down: 1 Left: 1 Right: 1
down
Message from AI: 0 0 1 2 
Message from AI: 0 1 3 1 
Message from AI: 1 3 4 5 
Message from AI: 4 5 7 1 
Message from AI: GameStatus: 0
Message from AI: Up: 1 Down: 1 Left: 1 Right: 1
left
Message from AI: 1 2 1 0 
Message from AI: 1 3 1 0 
Message from AI: 1 3 4 5 
Message from AI: 4 5 7 1 
Message from AI: GameStatus: 0
Message from AI: Up: 1 Down: 1 Left: 1 Right: 1
right
Message from AI: 1 1 2 1 
Message from AI: 0 1 3 1 
Message from AI: 1 3 4 5 
Message from AI: 4 5 7 1 
Message from AI: GameStatus: 0
Message from AI: Up: 1 Down: 1 Left: 1 Right: 1
down
Message from AI: 1 0 2 0 
Message from AI: 0 2 3 2 
Message from AI: 2 3 4 5 
Message from AI: 4 5 7 1 
Message from AI: GameStatus: 0
Message from AI: Up: 1 Down: 1 Left: 1 Right: 1
right
Message from AI: 0 0 1 2 
Message from AI: 1 2 3 2 
Message from AI: 2 3 4 5 
Message from AI: 4 5 7 1 
Message from AI: GameStatus: 0
Message from AI: Up: 1 Down: 1 Left: 1 Right: 1
down
Message from AI: 0 0 1 1 
Message from AI: 1 2 3 3 
Message from AI: 2 3 4 5 
Message from AI: 4 5 7 1 
Message from AI: GameStatus: 0
Message from AI: Up: 1 Down: 1 Left: 1 Right: 1
right
Message from AI: 0 0 2 2 
Message from AI: 0 1 2 4 
Message from AI: 2 3 4 5 
Message from AI: 4 5 7 1 
Message from AI: GameStatus: 0
Message from AI: Up: 1 Down: 1 Left: 1 Right: 1
right
Message from AI: 1 0 0 3 
Message from AI: 0 1 2 4 
Message from AI: 2 3 4 5 
Message from AI: 4 5 7 1 
Message from AI: GameStatus: 0
Message from AI: Up: 1 Down: 1 Left: 1 Right: 1
down
Message from AI: 0 0 1 3 
Message from AI: 1 1 2 4 
Message from AI: 2 3 4 5 
Message from AI: 4 5 7 1 
Message from AI: GameStatus: 0
Message from AI: Up: 1 Down: 1 Left: 1 Right: 1
right
Message from AI: 0 1 1 3 
Message from AI: 0 2 2 4 
Message from AI: 2 3 4 5 
Message from AI: 4 5 7 1 
Message from AI: GameStatus: 0
Message from AI: Up: 1 Down: 1 Left: 1 Right: 1
right
Message from AI: 0 0 2 3 
Message from AI: 0 1 3 4 
Message from AI: 2 3 4 5 
Message from AI: 4 5 7 1 
Message from AI: GameStatus: 0
Message from AI: Up: 1 Down: 1 Left: 1 Right: 1
left
Message from AI: 2 3 0 0 
Message from AI: 1 3 4 1 
Message from AI: 2 3 4 5 
Message from AI: 4 5 7 1 
Message from AI: GameStatus: 0
Message from AI: Up: 1 Down: 1 Left: 1 Right: 1
right
Message from AI: 1 0 2 3 
Message from AI: 1 3 4 1 
Message from AI: 2 3 4 5 
Message from AI: 4 5 7 1 
Message from AI: GameStatus: 0
Message from AI: Up: 1 Down: 1 Left: 1 Right: 1
down
Message from AI: 0 0 1 3 
Message from AI: 2 0 2 1 
Message from AI: 2 4 5 5 
Message from AI: 4 5 7 1 
Message from AI: GameStatus: 0
Message from AI: Up: 1 Down: 1 Left: 1 Right: 1
right
Message from AI: 0 0 1 3 
Message from AI: 0 1 3 1 
Message from AI: 0 2 4 6 
Message from AI: 4 5 7 1 
Message from AI: GameStatus: 0
Message from AI: Up: 1 Down: 1 Left: 1 Right: 1
left
Message from AI: 1 3 0 0 
Message from AI: 1 3 1 0 
Message from AI: 2 4 6 1 
Message from AI: 4 5 7 1 
Message from AI: GameStatus: 0
Message from AI: Up: 1 Down: 1 Left: 1 Right: 1
down
Message from AI: 0 0 1 0 
Message from AI: 2 4 1 0 
Message from AI: 2 4 6 0 
Message from AI: 4 5 7 2 
Message from AI: GameStatus: 0
Message from AI: Up: 1 Down: 1 Left: 1 Right: 1
right
Message from AI: 0 0 0 1 
Message from AI: 2 2 4 1 
Message from AI: 0 2 4 6 
Message from AI: 4 5 7 2 
Message from AI: GameStatus: 0
Message from AI: Up: 1 Down: 1 Left: 1 Right: 1
down
Message from AI: 0 1 0 0 
Message from AI: 0 0 0 2 
Message from AI: 2 3 5 6 
Message from AI: 4 5 7 2 
Message from AI: GameStatus: 0
Message from AI: Up: 1 Down: 1 Left: 1 Right: 1
right
Message from AI: 0 0 0 1 
Message from AI: 0 0 1 2 
Message from AI: 2 3 5 6 
Message from AI: 4 5 7 2 
Message from AI: GameStatus: 0
Message from AI: Up: 1 Down: 1 Left: 1 Right: 1
left
Message from AI: 1 0 0 2 
Message from AI: 1 2 0 0 
Message from AI: 2 3 5 6 
Message from AI: 4 5 7 2 
Message from AI: GameStatus: 0
Message from AI: Up: 1 Down: 1 Left: 1 Right: 1
down
Message from AI: 0 0 1 0 
Message from AI: 2 2 0 2 
Message from AI: 2 3 5 6 
Message from AI: 4 5 7 2 
Message from AI: GameStatus: 0
Message from AI: Up: 1 Down: 1 Left: 1 Right: 1
right
Message from AI: 0 0 0 1 
Message from AI: 0 1 2 3 
Message from AI: 2 3 5 6 
Message from AI: 4 5 7 2 
Message from AI: GameStatus: 0
Message from AI: Up: 1 Down: 1 Left: 1 Right: 1
left
Message from AI: 1 0 0 1 
Message from AI: 1 2 3 0 
Message from AI: 2 3 5 6 
Message from AI: 4 5 7 2 
Message from AI: GameStatus: 0
Message from AI: Up: 1 Down: 1 Left: 1 Right: 1
down
Message from AI: 1 0 0 0 
Message from AI: 2 2 3 1 
Message from AI: 2 3 5 6 
Message from AI: 4 5 7 2 
Message from AI: GameStatus: 0
Message from AI: Up: 1 Down: 1 Left: 1 Right: 1
right
Message from AI: 0 0 0 1 
Message from AI: 1 3 3 1 
Message from AI: 2 3 5 6 
Message from AI: 4 5 7 2 
Message from AI: GameStatus: 0
Message from AI: Up: 1 Down: 1 Left: 1 Right: 1
down
Message from AI: 1 0 0 0 
Message from AI: 1 0 3 2 
Message from AI: 2 4 5 6 
Message from AI: 4 5 7 2 
Message from AI: GameStatus: 0
Message from AI: Up: 1 Down: 1 Left: 1 Right: 1
right
Message from AI: 1 0 0 1 
Message from AI: 0 1 3 2 
Message from AI: 2 4 5 6 
Message from AI: 4 5 7 2 
Message from AI: GameStatus: 0
Message from AI: Up: 1 Down: 1 Left: 1 Right: 1
down
Message from AI: 0 1 0 1 
Message from AI: 1 1 3 2 
Message from AI: 2 4 5 6 
Message from AI: 4 5 7 2 
Message from AI: GameStatus: 0
Message from AI: Up: 1 Down: 1 Left: 1 Right: 1
right
Message from AI: 1 0 0 2 
Message from AI: 0 2 3 2 
Message from AI: 2 4 5 6 
Message from AI: 4 5 7 2 
Message from AI: GameStatus: 0
Message from AI: Up: 1 Down: 1 Left: 1 Right: 1
down
Message from AI: 0 0 1 0 
Message from AI: 1 2 3 3 
Message from AI: 2 4 5 6 
Message from AI: 4 5 7 2 
Message from AI: GameStatus: 0
Message from AI: Up: 1 Down: 1 Left: 1 Right: 1
right
Message from AI: 1 0 0 1 
Message from AI: 0 1 2 4 
Message from AI: 2 4 5 6 
Message from AI: 4 5 7 2 
Message from AI: GameStatus: 0
Message from AI: Up: 1 Down: 1 Left: 1 Right: 1
right
Message from AI: 0 2 0 2 
Message from AI: 0 1 2 4 
Message from AI: 2 4 5 6 
Message from AI: 4 5 7 2 
Message from AI: GameStatus: 0
Message from AI: Up: 1 Down: 1 Left: 1 Right: 1
right
Message from AI: 0 1 0 3 
Message from AI: 0 1 2 4 
Message from AI: 2 4 5 6 
Message from AI: 4 5 7 2 
Message from AI: GameStatus: 0
Message from AI: Up: 1 Down: 1 Left: 1 Right: 1
down
Message from AI: 0 1 0 3 
Message from AI: 0 2 2 4 
Message from AI: 2 4 5 6 
Message from AI: 4 5 7 2 
Message from AI: GameStatus: 0
Message from AI: Up: 1 Down: 1 Left: 1 Right: 1
right
Message from AI: 0 1 1 3 
Message from AI: 0 0 3 4 
Message from AI: 2 4 5 6 
Message from AI: 4 5 7 2 
Message from AI: GameStatus: 0
Message from AI: Up: 1 Down: 1 Left: 1 Right: 1
right
Message from AI: 0 1 2 3 
Message from AI: 0 0 3 4 
Message from AI: 2 4 5 6 
Message from AI: 4 5 7 2 
Message from AI: GameStatus: 0
Message from AI: Up: 1 Down: 1 Left: 1 Right: 1
down
Message from AI: 1 0 2 3 
Message from AI: 0 1 3 4 
Message from AI: 2 4 5 6 
Message from AI: 4 5 7 2 
Message from AI: GameStatus: 0
Message from AI: Up: 1 Down: 1 Left: 1 Right: 1
right
Message from AI: 0 1 2 3 
Message from AI: 1 1 3 4 
Message from AI: 2 4 5 6 
Message from AI: 4 5 7 2 
Message from AI: GameStatus: 0
Message from AI: Up: 1 Down: 1 Left: 1 Right: 1
down
Message from AI: 1 0 2 3 
Message from AI: 1 2 3 4 
Message from AI: 2 4 5 6 
Message from AI: 4 5 7 2 
Message from AI: GameStatus: 0
Message from AI: Up: 1 Down: 1 Left: 1 Right: 1
right
Message from AI: 1 1 2 3 
Message from AI: 1 2 3 4 
Message from AI: 2 4 5 6 
Message from AI: 4 5 7 2 
Message from AI: GameStatus: 0
Message from AI: Up: 1 Down: 1 Left: 1 Right: 1
down
Message from AI: 1 1 2 3 
Message from AI: 2 2 3 4 
Message from AI: 2 4 5 6 
Message from AI: 4 5 7 2 
Message from AI: GameStatus: 0
Message from AI: Up: 1 Down: 1 Left: 1 Right: 1
right
Message from AI: 1 2 2 3 
Message from AI: 0 3 3 4 
Message from AI: 2 4 5 6 
Message from AI: 4 5 7 2 
Message from AI: GameStatus: 0
Message from AI: Up: 1 Down: 1 Left: 1 Right: 1
down
Message from AI: 1 2 2 3 
Message from AI: 1 3 3 4 
Message from AI: 2 4 5 6 
Message from AI: 4 5 7 2 
Message from AI: GameStatus: 0
Message from AI: Up: 1 Down: 1 Left: 1 Right: 1
right
Message from AI: 0 1 3 3 
Message from AI: 1 1 4 4 
Message from AI: 2 4 5 6 
Message from AI: 4 5 7 2 
Message from AI: GameStatus: 0
Message from AI: Up: 1 Down: 1 Left: 1 Right: 1
down
Message from AI: 0 1 3 3 
Message from AI: 1 2 4 4 
Message from AI: 2 4 5 6 
Message from AI: 4 5 7 2 
Message from AI: GameStatus: 0
Message from AI: Up: 1 Down: 1 Left: 1 Right: 1
right
Message from AI: 0 1 1 4 
Message from AI: 0 1 2 5 
Message from AI: 2 4 5 6 
Message from AI: 4 5 7 2 
Message from AI: GameStatus: 0
Message from AI: Up: 1 Down: 1 Left: 1 Right: 1
right
Message from AI: 0 0 2 4 
Message from AI: 1 1 2 5 
Message from AI: 2 4 5 6 
Message from AI: 4 5 7 2 
Message from AI: GameStatus: 0
Message from AI: Up: 1 Down: 1 Left: 1 Right: 1
down
Message from AI: 0 1 0 4 
Message from AI: 1 1 3 5 
Message from AI: 2 4 5 6 
Message from AI: 4 5 7 2 
Message from AI: GameStatus: 0
Message from AI: Up: 1 Down: 1 Left: 1 Right: 1
right
Message from AI: 1 0 1 4 
Message from AI: 0 2 3 5 
Message from AI: 2 4 5 6 
Message from AI: 4 5 7 2 
Message from AI: GameStatus: 0
Message from AI: Up: 1 Down: 1 Left: 1 Right: 1
down
Message from AI: 1 0 1 4 
Message from AI: 1 2 3 5 
Message from AI: 2 4 5 6 
Message from AI: 4 5 7 2 
Message from AI: GameStatus: 0
Message from AI: Up: 1 Down: 1 Left: 1 Right: 1
right
Message from AI: 1 0 2 4 
Message from AI: 1 2 3 5 
Message from AI: 2 4 5 6 
Message from AI: 4 5 7 2 
Message from AI: GameStatus: 0
Message from AI: Up: 1 Down: 1 Left: 1 Right: 1
down
Message from AI: 1 0 2 4 
Message from AI: 2 2 3 5 
Message from AI: 2 4 5 6 
Message from AI: 4 5 7 2 
Message from AI: GameStatus: 0
Message from AI: Up: 1 Down: 1 Left: 1 Right: 1
right
Message from AI: 2 1 2 4 
Message from AI: 0 3 3 5 
Message from AI: 2 4 5 6 
Message from AI: 4 5 7 2 
Message from AI: GameStatus: 0
Message from AI: Up: 1 Down: 1 Left: 1 Right: 1
down
Message from AI: 1 1 2 4 
Message from AI: 0 3 3 5 
Message from AI: 3 4 5 6 
Message from AI: 4 5 7 2 
Message from AI: GameStatus: 0
Message from AI: Up: 1 Down: 1 Left: 1 Right: 1
right
Message from AI: 0 2 2 4 
Message from AI: 0 1 4 5 
Message from AI: 3 4 5 6 
Message from AI: 4 5 7 2 
Message from AI: GameStatus: 0
Message from AI: Up: 1 Down: 1 Left: 1 Right: 1
right
Message from AI: 0 1 3 4 
Message from AI: 0 1 4 5 
Message from AI: 3 4 5 6 
Message from AI: 4 5 7 2 
Message from AI: GameStatus: 0
Message from AI: Up: 1 Down: 1 Left: 1 Right: 1
down
Message from AI: 0 1 3 4 
Message from AI: 0 2 4 5 
Message from AI: 3 4 5 6 
Message from AI: 4 5 7 2 
Message from AI: GameStatus: 0
Message from AI: Up: 1 Down: 1 Left: 1 Right: 1
left
Message from AI: 1 3 4 0 
Message from AI: 2 4 5 1 
Message from AI: 3 4 5 6 
Message from AI: 4 5 7 2 
Message from AI: GameStatus: 0
Message from AI: Up: 1 Down: 1 Left: 1 Right: 1
right
Message from AI: 1 1 3 4 
Message from AI: 2 4 5 1 
Message from AI: 3 4 5 6 
Message from AI: 4 5 7 2 
Message from AI: GameStatus: 0
Message from AI: Up: 1 Down: 1 Left: 1 Right: 1
down
Message from AI: 1 0 1 4 
Message from AI: 2 1 3 1 
Message from AI: 3 5 6 6 
Message from AI: 4 5 7 2 
Message from AI: GameStatus: 0
Message from AI: Up: 1 Down: 1 Left: 1 Right: 1
right
Message from AI: 0 1 2 4 
Message from AI: 2 1 3 1 
Message from AI: 0 3 5 7 
Message from AI: 4 5 7 2 
Message from AI: GameStatus: 0
Message from AI: Up: 1 Down: 1 Left: 1 Right: 1
down
Message from AI: 0 1 2 4 
Message from AI: 0 2 3 1 
Message from AI: 2 3 5 7 
Message from AI: 4 5 7 2 
Message from AI: GameStatus: 0
Message from AI: Up: 1 Down: 1 Left: 1 Right: 1
left
Message from AI: 1 2 4 1 
Message from AI: 2 3 1 0 
Message from AI: 2 3 5 7 
Message from AI: 4 5 7 2 
Message from AI: GameStatus: 0
Message from AI: Up: 1 Down: 1 Left: 1 Right: 1
right
Message from AI: 1 2 4 1 
Message from AI: 1 2 3 1 
Message from AI: 2 3 5 7 
Message from AI: 4 5 7 2 
Message from AI: GameStatus: 0
Message from AI: Up: 1 Down: 1 Left: 1 Right: 1
down
Message from AI: 1 0 4 0 
Message from AI: 2 3 3 2 
Message from AI: 2 3 5 7 
Message from AI: 4 5 7 2 
Message from AI: GameStatus: 0
Message from AI: Up: 1 Down: 1 Left: 1 Right: 1
right
Message from AI: 2 0 1 4 
Message from AI: 0 2 4 2 
Message from AI: 2 3 5 7 
Message from AI: 4 5 7 2 
Message from AI: GameStatus: 0
Message from AI: Up: 1 Down: 1 Left: 1 Right: 1
down
Message from AI: 0 1 1 4 
Message from AI: 0 2 4 2 
Message from AI: 3 3 5 7 
Message from AI: 4 5 7 2 
Message from AI: GameStatus: 0
Message from AI: Up: 1 Down: 1 Left: 1 Right: 1
right
Message from AI: 1 0 2 4 
Message from AI: 0 2 4 2 
Message from AI: 0 4 5 7 
Message from AI: 4 5 7 2 
Message from AI: GameStatus: 0
Message from AI: Up: 1 Down: 1 Left: 1 Right: 1
right
Message from AI: 1 1 2 4 
Message from AI: 0 2 4 2 
Message from AI: 0 4 5 7 
Message from AI: 4 5 7 2 
Message from AI: GameStatus: 0
Message from AI: Up: 1 Down: 1 Left: 1 Right: 1
down
Message from AI: 1 1 2 4 
Message from AI: 0 2 4 2 
Message from AI: 1 4 5 7 
Message from AI: 4 5 7 2 
Message from AI: GameStatus: 0
Message from AI: Up: 1 Down: 1 Left: 1 Right: 1
right
Message from AI: 0 2 2 4 
Message from AI: 1 2 4 2 
Message from AI: 1 4 5 7 
Message from AI: 4 5 7 2 
Message from AI: GameStatus: 0
Message from AI: Up: 1 Down: 1 Left: 1 Right: 1
down
Message from AI: 0 0 2 4 
Message from AI: 1 3 4 2 
Message from AI: 2 4 5 7 
Message from AI: 4 5 7 2 
Message from AI: GameStatus: 0
Message from AI: Up: 1 Down: 1 Left: 1 Right: 1
left
Message from AI: 2 4 1 0 
Message from AI: 1 3 4 2 
Message from AI: 2 4 5 7 
Message from AI: 4 5 7 2 
Message from AI: GameStatus: 0
Message from AI: Up: 1 Down: 1 Left: 1 Right: 1
right
Message from AI: 1 2 4 1 
Message from AI: 1 3 4 2 
Message from AI: 2 4 5 7 
Message from AI: 4 5 7 2 
Message from AI: GameStatus: 0
Message from AI: Up: 1 Down: 1 Left: 1 Right: 1
right
Message from AI: 1 2 4 1 
Message from AI: 1 3 4 2 
Message from AI: 2 4 5 7 
Message from AI: 4 5 7 2 
Message from AI: GameStatus: 1
Message from AI: Up: 1 Down: 1 Left: 0 Right: 0
down
Message from AI: 0 2 1 1 
Message from AI: 2 3 5 2 
Message from AI: 2 4 5 7 
Message from AI: 4 5 7 2 
Message from AI: GameStatus: 0
Message from AI: Up: 1 Down: 1 Left: 1 Right: 1
right
Message from AI: 0 1 2 2 
Message from AI: 2 3 5 2 
Message from AI: 2 4 5 7 
Message from AI: 4 5 7 2 
Message from AI: GameStatus: 0
Message from AI: Up: 1 Down: 1 Left: 1 Right: 1
down
Message from AI: 0 1 1 0 
Message from AI: 0 3 2 3 
Message from AI: 3 4 6 7 
Message from AI: 4 5 7 2 
Message from AI: GameStatus: 0
Message from AI: Up: 1 Down: 1 Left: 1 Right: 1
right
Message from AI: 0 1 0 2 
Message from AI: 0 3 2 3 
Message from AI: 3 4 6 7 
Message from AI: 4 5 7 2 
Message from AI: GameStatus: 0
Message from AI: Up: 1 Down: 1 Left: 1 Right: 1
right
Message from AI: 0 0 1 2 
Message from AI: 1 3 2 3 
Message from AI: 3 4 6 7 
Message from AI: 4 5 7 2 
Message from AI: GameStatus: 0
Message from AI: Up: 1 Down: 1 Left: 1 Right: 1
left
Message from AI: 1 2 0 2 
Message from AI: 1 3 2 3 
Message from AI: 3 4 6 7 
Message from AI: 4 5 7 2 
Message from AI: GameStatus: 0
Message from AI: Up: 1 Down: 1 Left: 1 Right: 1
right
Message from AI: 2 0 1 3 
Message from AI: 1 3 2 3 
Message from AI: 3 4 6 7 
Message from AI: 4 5 7 2 
Message from AI: GameStatus: 0
Message from AI: Up: 1 Down: 1 Left: 1 Right: 1
down
Message from AI: 2 0 1 2 
Message from AI: 1 3 2 4 
Message from AI: 3 4 6 7 
Message from AI: 4 5 7 2 
Message from AI: GameStatus: 0
Message from AI: Up: 1 Down: 1 Left: 1 Right: 1
right
Message from AI: 1 2 1 2 
Message from AI: 1 3 2 4 
Message from AI: 3 4 6 7 
Message from AI: 4 5 7 2 
Message from AI: GameStatus: 0
Message from AI: Up: 1 Down: 1 Left: 1 Right: 1
right
Message from AI: 1 2 1 2 
Message from AI: 1 3 2 4 
Message from AI: 3 4 6 7 
Message from AI: 4 5 7 2 
Message from AI: GameStatus: 1
Message from AI: Up: 1 Down: 1 Left: 0 Right: 0
down
